app/build/intermediates/manifest_merge_blame_file/debug/manifest-merger-blame-debug-report.txt
1<?xml version="1.0" encoding="utf-8"?>
2<manifest xmlns:android="http://schemas.android.com/apk/res/android"
3    package="com.aufmass.test"
4    android:versionCode="40"
5    android:versionName="3.15.12" >
6
7    <uses-sdk
8        android:minSdkVersion="26"
9        android:targetSdkVersion="34" />
10
11    <uses-permission android:name="android.permission.CAMERA" />
11-->src/main/AndroidManifest.xml:4:5-65
11-->src/main/AndroidManifest.xml:4:22-62
12    <uses-permission
12-->src/main/AndroidManifest.xml:5:5-95
13        android:name="android.permission.BLUETOOTH"
13-->src/main/AndroidManifest.xml:5:22-65
14        android:maxSdkVersion="30" />
14-->src/main/AndroidManifest.xml:5:66-92
15    <uses-permission
15-->src/main/AndroidManifest.xml:6:5-101
16        android:name="android.permission.BLUETOOTH_ADMIN"
16-->src/main/AndroidManifest.xml:6:22-71
17        android:maxSdkVersion="30" />
17-->src/main/AndroidManifest.xml:6:72-98
18    <uses-permission android:name="android.permission.BLUETOOTH_CONNECT" />
18-->src/main/AndroidManifest.xml:7:5-76
18-->src/main/AndroidManifest.xml:7:22-73
19    <uses-permission android:name="android.permission.BLUETOOTH_SCAN" />
19-->src/main/AndroidManifest.xml:8:5-73
19-->src/main/AndroidManifest.xml:8:22-70
20    <uses-permission android:name="android.permission.ACCESS_FINE_LOCATION" />
20-->src/main/AndroidManifest.xml:9:5-79
20-->src/main/AndroidManifest.xml:9:22-76
21    <uses-permission android:name="android.permission.ACCESS_COARSE_LOCATION" />
21-->src/main/AndroidManifest.xml:10:5-81
21-->src/main/AndroidManifest.xml:10:22-78
22    <uses-permission
22-->src/main/AndroidManifest.xml:11:5-12:38
23        android:name="android.permission.WRITE_EXTERNAL_STORAGE"
23-->src/main/AndroidManifest.xml:11:22-78
24        android:maxSdkVersion="28" />
24-->src/main/AndroidManifest.xml:12:9-35
25    <uses-permission
25-->src/main/AndroidManifest.xml:13:5-14:38
26        android:name="android.permission.READ_EXTERNAL_STORAGE"
26-->src/main/AndroidManifest.xml:13:22-77
27        android:maxSdkVersion="32" />
27-->src/main/AndroidManifest.xml:14:9-35
28    <uses-permission android:name="android.permission.WRITE_USER_DICTIONARY" />
28-->src/main/AndroidManifest.xml:15:5-80
28-->src/main/AndroidManifest.xml:15:22-77
29
30    <uses-feature
30-->src/main/AndroidManifest.xml:17:5-85
31        android:name="android.hardware.camera"
31-->src/main/AndroidManifest.xml:17:19-57
32        android:required="false" />
32-->src/main/AndroidManifest.xml:17:58-82
33    <uses-feature
33-->src/main/AndroidManifest.xml:18:5-91
34        android:name="android.hardware.bluetooth_le"
34-->src/main/AndroidManifest.xml:18:19-63
35        android:required="false" />
35-->src/main/AndroidManifest.xml:18:64-88
36    <uses-feature
36-->src/main/AndroidManifest.xml:19:5-90
37        android:name="android.hardware.touchscreen"
37-->src/main/AndroidManifest.xml:19:19-62
38        android:required="false" />
38-->src/main/AndroidManifest.xml:19:63-87
39    <uses-feature
39-->src/main/AndroidManifest.xml:20:5-101
40        android:name="android.hardware.touchscreen.multitouch"
40-->src/main/AndroidManifest.xml:20:19-73
41        android:required="false" />
41-->src/main/AndroidManifest.xml:20:74-98
42    <uses-feature
42-->src/main/AndroidManifest.xml:21:5-110
43        android:name="android.hardware.touchscreen.multitouch.distinct"
43-->src/main/AndroidManifest.xml:21:19-82
44        android:required="false" />
44-->src/main/AndroidManifest.xml:21:83-107
45    <uses-feature
45-->src/main/AndroidManifest.xml:22:5-85
46        android:name="android.hardware.stylus"
46-->src/main/AndroidManifest.xml:22:19-57
47        android:required="false" />
47-->src/main/AndroidManifest.xml:22:58-82
48
49    <permission
49-->[androidx.core:core:1.12.0] AndroidManifest.xml:22:5-24:47
50        android:name="com.aufmass.test.DYNAMIC_RECEIVER_NOT_EXPORTED_PERMISSION"
50-->[androidx.core:core:1.12.0] AndroidManifest.xml:23:9-81
51        android:protectionLevel="signature" />
51-->[androidx.core:core:1.12.0] AndroidManifest.xml:24:9-44
52
53    <uses-permission android:name="com.aufmass.test.DYNAMIC_RECEIVER_NOT_EXPORTED_PERMISSION" />
53-->[androidx.core:core:1.12.0] AndroidManifest.xml:26:5-97
53-->[androidx.core:core:1.12.0] AndroidManifest.xml:26:22-94
54
55    <application
55-->src/main/AndroidManifest.xml:24:5-53:19
56        android:name="com.aufmass.app.AufmassApplication"
56-->src/main/AndroidManifest.xml:25:9-43
57        android:allowBackup="true"
57-->src/main/AndroidManifest.xml:26:9-35
58        android:appComponentFactory="androidx.core.app.CoreComponentFactory"
58-->[androidx.core:core:1.12.0] AndroidManifest.xml:28:18-86
59        android:debuggable="true"
60        android:extractNativeLibs="false"
61        android:icon="@drawable/ic_launcher"
61-->src/main/AndroidManifest.xml:27:9-45
62        android:label="@string/app_name"
62-->src/main/AndroidManifest.xml:28:9-41
63        android:roundIcon="@drawable/ic_launcher"
63-->src/main/AndroidManifest.xml:29:9-50
64        android:supportsRtl="true"
64-->src/main/AndroidManifest.xml:30:9-35
65        android:theme="@style/Theme.AufmassApp" >
65-->src/main/AndroidManifest.xml:31:9-48
66        <activity
66-->src/main/AndroidManifest.xml:32:9-42:20
67            android:name="com.aufmass.app.ui.MainActivity"
67-->src/main/AndroidManifest.xml:33:13-44
68            android:configChanges="orientation|screenSize|keyboardHidden"
68-->src/main/AndroidManifest.xml:36:13-74
69            android:enableOnBackInvokedCallback="true"
69-->src/main/AndroidManifest.xml:37:13-55
70            android:exported="true"
70-->src/main/AndroidManifest.xml:34:13-36
71            android:windowSoftInputMode="stateVisible|adjustResize" >
71-->src/main/AndroidManifest.xml:35:13-68
72            <intent-filter>
72-->src/main/AndroidManifest.xml:38:13-41:29
73                <action android:name="android.intent.action.MAIN" />
73-->src/main/AndroidManifest.xml:39:17-69
73-->src/main/AndroidManifest.xml:39:25-66
74
75                <category android:name="android.intent.category.LAUNCHER" />
75-->src/main/AndroidManifest.xml:40:17-77
75-->src/main/AndroidManifest.xml:40:27-74
76            </intent-filter>
77        </activity>
78
79        <provider
80            android:name="androidx.core.content.FileProvider"
80-->src/main/AndroidManifest.xml:45:13-62
81            android:authorities="com.aufmass.test.fileprovider"
81-->src/main/AndroidManifest.xml:46:13-64
82            android:exported="false"
82-->src/main/AndroidManifest.xml:47:13-37
83            android:grantUriPermissions="true" >
83-->src/main/AndroidManifest.xml:48:13-47
84            <meta-data
84-->src/main/AndroidManifest.xml:49:13-51:54
85                android:name="android.support.FILE_PROVIDER_PATHS"
85-->src/main/AndroidManifest.xml:50:17-67
86                android:resource="@xml/file_paths" />
86-->src/main/AndroidManifest.xml:51:17-51
87        </provider>
88
89        <service
89-->[androidx.camera:camera-camera2:1.3.0] AndroidManifest.xml:24:9-33:19
90            android:name="androidx.camera.core.impl.MetadataHolderService"
90-->[androidx.camera:camera-camera2:1.3.0] AndroidManifest.xml:25:13-75
91            android:enabled="false"
91-->[androidx.camera:camera-camera2:1.3.0] AndroidManifest.xml:26:13-36
92            android:exported="false" >
92-->[androidx.camera:camera-camera2:1.3.0] AndroidManifest.xml:27:13-37
93            <meta-data
93-->[androidx.camera:camera-camera2:1.3.0] AndroidManifest.xml:30:13-32:89
94                android:name="androidx.camera.core.impl.MetadataHolderService.DEFAULT_CONFIG_PROVIDER"
94-->[androidx.camera:camera-camera2:1.3.0] AndroidManifest.xml:31:17-103
95                android:value="androidx.camera.camera2.Camera2Config$DefaultProvider" />
95-->[androidx.camera:camera-camera2:1.3.0] AndroidManifest.xml:32:17-86
96        </service>
97
98        <activity
98-->[androidx.compose.ui:ui-test-manifest:1.5.4] AndroidManifest.xml:23:9-25:39
99            android:name="androidx.activity.ComponentActivity"
99-->[androidx.compose.ui:ui-test-manifest:1.5.4] AndroidManifest.xml:24:13-63
100            android:exported="true" />
100-->[androidx.compose.ui:ui-test-manifest:1.5.4] AndroidManifest.xml:25:13-36
101        <activity
101-->[androidx.compose.ui:ui-tooling-android:1.5.4] AndroidManifest.xml:23:9-25:39
102            android:name="androidx.compose.ui.tooling.PreviewActivity"
102-->[androidx.compose.ui:ui-tooling-android:1.5.4] AndroidManifest.xml:24:13-71
103            android:exported="true" />
103-->[androidx.compose.ui:ui-tooling-android:1.5.4] AndroidManifest.xml:25:13-36
104
105        <provider
105-->[androidx.emoji2:emoji2:1.4.0] AndroidManifest.xml:24:9-32:20
106            android:name="androidx.startup.InitializationProvider"
106-->[androidx.emoji2:emoji2:1.4.0] AndroidManifest.xml:25:13-67
107            android:authorities="com.aufmass.test.androidx-startup"
107-->[androidx.emoji2:emoji2:1.4.0] AndroidManifest.xml:26:13-68
108            android:exported="false" >
108-->[androidx.emoji2:emoji2:1.4.0] AndroidManifest.xml:27:13-37
109            <meta-data
109-->[androidx.emoji2:emoji2:1.4.0] AndroidManifest.xml:29:13-31:52
110                android:name="androidx.emoji2.text.EmojiCompatInitializer"
110-->[androidx.emoji2:emoji2:1.4.0] AndroidManifest.xml:30:17-75
111                android:value="androidx.startup" />
111-->[androidx.emoji2:emoji2:1.4.0] AndroidManifest.xml:31:17-49
112            <meta-data
112-->[androidx.lifecycle:lifecycle-process:2.6.2] AndroidManifest.xml:29:13-31:52
113                android:name="androidx.lifecycle.ProcessLifecycleInitializer"
113-->[androidx.lifecycle:lifecycle-process:2.6.2] AndroidManifest.xml:30:17-78
114                android:value="androidx.startup" />
114-->[androidx.lifecycle:lifecycle-process:2.6.2] AndroidManifest.xml:31:17-49
115            <meta-data
115-->[androidx.profileinstaller:profileinstaller:1.3.1] AndroidManifest.xml:29:13-31:52
116                android:name="androidx.profileinstaller.ProfileInstallerInitializer"
116-->[androidx.profileinstaller:profileinstaller:1.3.1] AndroidManifest.xml:30:17-85
117                android:value="androidx.startup" />
117-->[androidx.profileinstaller:profileinstaller:1.3.1] AndroidManifest.xml:31:17-49
118        </provider>
119
120        <service
120-->[androidx.room:room-runtime:2.6.1] AndroidManifest.xml:24:9-28:63
121            android:name="androidx.room.MultiInstanceInvalidationService"
121-->[androidx.room:room-runtime:2.6.1] AndroidManifest.xml:25:13-74
122            android:directBootAware="true"
122-->[androidx.room:room-runtime:2.6.1] AndroidManifest.xml:26:13-43
123            android:exported="false" />
123-->[androidx.room:room-runtime:2.6.1] AndroidManifest.xml:27:13-37
124
125        <receiver
125-->[androidx.profileinstaller:profileinstaller:1.3.1] AndroidManifest.xml:34:9-52:20
126            android:name="androidx.profileinstaller.ProfileInstallReceiver"
126-->[androidx.profileinstaller:profileinstaller:1.3.1] AndroidManifest.xml:35:13-76
127            android:directBootAware="false"
127-->[androidx.profileinstaller:profileinstaller:1.3.1] AndroidManifest.xml:36:13-44
128            android:enabled="true"
128-->[androidx.profileinstaller:profileinstaller:1.3.1] AndroidManifest.xml:37:13-35
129            android:exported="true"
129-->[androidx.profileinstaller:profileinstaller:1.3.1] AndroidManifest.xml:38:13-36
130            android:permission="android.permission.DUMP" >
130-->[androidx.profileinstaller:profileinstaller:1.3.1] AndroidManifest.xml:39:13-57
131            <intent-filter>
131-->[androidx.profileinstaller:profileinstaller:1.3.1] AndroidManifest.xml:40:13-42:29
132                <action android:name="androidx.profileinstaller.action.INSTALL_PROFILE" />
132-->[androidx.profileinstaller:profileinstaller:1.3.1] AndroidManifest.xml:41:17-91
132-->[androidx.profileinstaller:profileinstaller:1.3.1] AndroidManifest.xml:41:25-88
133            </intent-filter>
134            <intent-filter>
134-->[androidx.profileinstaller:profileinstaller:1.3.1] AndroidManifest.xml:43:13-45:29
135                <action android:name="androidx.profileinstaller.action.SKIP_FILE" />
135-->[androidx.profileinstaller:profileinstaller:1.3.1] AndroidManifest.xml:44:17-85
135-->[androidx.profileinstaller:profileinstaller:1.3.1] AndroidManifest.xml:44:25-82
136            </intent-filter>
137            <intent-filter>
137-->[androidx.profileinstaller:profileinstaller:1.3.1] AndroidManifest.xml:46:13-48:29
138                <action android:name="androidx.profileinstaller.action.SAVE_PROFILE" />
138-->[androidx.profileinstaller:profileinstaller:1.3.1] AndroidManifest.xml:47:17-88
138-->[androidx.profileinstaller:profileinstaller:1.3.1] AndroidManifest.xml:47:25-85
139            </intent-filter>
140            <intent-filter>
140-->[androidx.profileinstaller:profileinstaller:1.3.1] AndroidManifest.xml:49:13-51:29
141                <action android:name="androidx.profileinstaller.action.BENCHMARK_OPERATION" />
141-->[androidx.profileinstaller:profileinstaller:1.3.1] AndroidManifest.xml:50:17-95
141-->[androidx.profileinstaller:profileinstaller:1.3.1] AndroidManifest.xml:50:25-92
142            </intent-filter>
143        </receiver>
144    </application>
145
146</manifest>